2022-01-29 00:08:09.956  INFO 15728 --- [http-nio-8080-exec-9] c.o.N.c.s.c.CsrCustomerServiceImpl       : Customer Saved CsrCustomer(id=1, identityNumber=27268468182, firstName=ömer, lastName=öztürk, dateOfBirth=Tue Jan 28 23:07:31 EET 1997, phoneNumber=5426296581, salary=8000, operationDate=Sat Jan 29 00:08:09 EET 2022, status=ACTIVE)
2022-01-29 00:10:55.849  WARN 15728 --- [http-nio-8080-exec-1] .m.m.a.ExceptionHandlerExceptionResolver : Resolved [com.omerozturk.N11GraduationProject.csr.utilities.exception.CsrCustomerNotCheckRealCustomerException: Müşteri Bilgileri Hatalı]
2022-01-29 00:20:06.509  INFO 15728 --- [SpringApplicationShutdownHook] j.LocalContainerEntityManagerFactoryBean : Closing JPA EntityManagerFactory for persistence unit 'default'
2022-01-29 00:20:06.524  INFO 15728 --- [SpringApplicationShutdownHook] com.zaxxer.hikari.HikariDataSource       : HikariPool-1 - Shutdown initiated...
2022-01-29 00:20:06.541  INFO 15728 --- [SpringApplicationShutdownHook] com.zaxxer.hikari.HikariDataSource       : HikariPool-1 - Shutdown completed.
2022-01-29 00:20:27.471  INFO 8728 --- [restartedMain] c.o.N.N11GraduationProjectApplication    : Starting N11GraduationProjectApplication using Java 11.0.12 on DESKTOP-85Q0DB5 with PID 8728 (C:\Users\ömer\Desktop\N11\Ödev\n11-talenthub-bootcamp-graduation-project-omerozturk18\target\classes started by ömer in C:\Users\ömer\Desktop\N11\Ödev\n11-talenthub-bootcamp-graduation-project-omerozturk18)
2022-01-29 00:20:27.474  INFO 8728 --- [restartedMain] c.o.N.N11GraduationProjectApplication    : No active profile set, falling back to default profiles: default
2022-01-29 00:20:27.629  INFO 8728 --- [restartedMain] o.s.b.devtools.restart.ChangeableUrls    : The Class-Path manifest attribute in C:\Users\ömer\.m2\repository\com\sun\xml\ws\jaxws-rt\2.3.3\jaxws-rt-2.3.3.jar referenced one or more files that do not exist: file:/C:/Users/ömer/.m2/repository/com/sun/xml/ws/jaxws-rt/2.3.3/jakarta.annotation-api.jar,file:/C:/Users/ömer/.m2/repository/com/sun/xml/ws/jaxws-rt/2.3.3/jakarta.activation.jar,file:/C:/Users/ömer/.m2/repository/com/sun/xml/ws/jaxws-rt/2.3.3/jakarta.jws-api.jar,file:/C:/Users/ömer/.m2/repository/com/sun/xml/ws/jaxws-rt/2.3.3/jakarta.xml.bind-api.jar,file:/C:/Users/ömer/.m2/repository/com/sun/xml/ws/jaxws-rt/2.3.3/jakarta.xml.ws-api.jar,file:/C:/Users/ömer/.m2/repository/com/sun/xml/ws/jaxws-rt/2.3.3/jakarta.xml.soap-api.jar,file:/C:/Users/ömer/.m2/repository/com/sun/xml/ws/jaxws-rt/2.3.3/FastInfoset.jar,file:/C:/Users/ömer/.m2/repository/com/sun/xml/ws/jaxws-rt/2.3.3/gmbal.jar,file:/C:/Users/ömer/.m2/repository/com/sun/xml/ws/jaxws-rt/2.3.3/ha-api.jar,file:/C:/Users/ömer/.m2/repository/com/sun/xml/ws/jaxws-rt/2.3.3/jaxb-impl.jar,file:/C:/Users/ömer/.m2/repository/com/sun/xml/ws/jaxws-rt/2.3.3/management-api.jar,file:/C:/Users/ömer/.m2/repository/com/sun/xml/ws/jaxws-rt/2.3.3/mimepull.jar,file:/C:/Users/ömer/.m2/repository/com/sun/xml/ws/jaxws-rt/2.3.3/pfl-basic.jar,file:/C:/Users/ömer/.m2/repository/com/sun/xml/ws/jaxws-rt/2.3.3/pfl-tf.jar,file:/C:/Users/ömer/.m2/repository/com/sun/xml/ws/jaxws-rt/2.3.3/policy.jar,file:/C:/Users/ömer/.m2/repository/com/sun/xml/ws/jaxws-rt/2.3.3/saaj-impl.jar,file:/C:/Users/ömer/.m2/repository/com/sun/xml/ws/jaxws-rt/2.3.3/stax-ex.jar,file:/C:/Users/ömer/.m2/repository/com/sun/xml/ws/jaxws-rt/2.3.3/stax2-api.jar,file:/C:/Users/ömer/.m2/repository/com/sun/xml/ws/jaxws-rt/2.3.3/streambuffer.jar,file:/C:/Users/ömer/.m2/repository/com/sun/xml/ws/jaxws-rt/2.3.3/woodstox-core.jar
2022-01-29 00:20:27.630  INFO 8728 --- [restartedMain] o.s.b.devtools.restart.ChangeableUrls    : The Class-Path manifest attribute in C:\Users\ömer\.m2\repository\org\glassfish\ha\ha-api\3.1.12\ha-api-3.1.12.jar referenced one or more files that do not exist: file:/C:/Users/ömer/.m2/repository/org/glassfish/ha/ha-api/3.1.12/hk2.jar,file:/C:/Users/ömer/.m2/repository/org/glassfish/ha/ha-api/3.1.12/hk2-core.jar,file:/C:/Users/ömer/.m2/repository/org/glassfish/ha/ha-api/3.1.12/class-model.jar,file:/C:/Users/ömer/.m2/repository/org/glassfish/ha/ha-api/3.1.12/config.jar,file:/C:/Users/ömer/.m2/repository/org/glassfish/ha/ha-api/3.1.12/tiger-types.jar,file:/C:/Users/ömer/.m2/repository/org/glassfish/ha/ha-api/3.1.12/bean-validator.jar,file:/C:/Users/ömer/.m2/repository/org/glassfish/ha/ha-api/3.1.12/jtype.jar,file:/C:/Users/ömer/.m2/repository/org/glassfish/ha/ha-api/3.1.12/auto-depends.jar,file:/C:/Users/ömer/.m2/repository/org/glassfish/ha/ha-api/3.1.12/javax.inject.jar,file:/C:/Users/ömer/.m2/repository/org/glassfish/ha/ha-api/3.1.12/asm-all-repackaged.jar,file:/C:/Users/ömer/.m2/repository/org/glassfish/ha/ha-api/3.1.12/hk2-api.jar,file:/C:/Users/ömer/.m2/repository/org/glassfish/ha/ha-api/3.1.12/osgi-resource-locator.jar,file:/C:/Users/ömer/.m2/repository/org/glassfish/ha/ha-api/3.1.12/javax.inject.jar
2022-01-29 00:20:27.631  INFO 8728 --- [restartedMain] .e.DevToolsPropertyDefaultsPostProcessor : Devtools property defaults active! Set 'spring.devtools.add-properties' to 'false' to disable
2022-01-29 00:20:27.636  INFO 8728 --- [restartedMain] .e.DevToolsPropertyDefaultsPostProcessor : For additional web related logging consider setting the 'logging.level.web' property to 'DEBUG'
2022-01-29 00:20:29.981  INFO 8728 --- [restartedMain] .s.d.r.c.RepositoryConfigurationDelegate : Bootstrapping Spring Data JPA repositories in DEFAULT mode.
2022-01-29 00:20:30.208  INFO 8728 --- [restartedMain] .s.d.r.c.RepositoryConfigurationDelegate : Finished Spring Data repository scanning in 212 ms. Found 5 JPA repository interfaces.
2022-01-29 00:20:31.388  INFO 8728 --- [restartedMain] o.s.b.w.embedded.tomcat.TomcatWebServer  : Tomcat initialized with port(s): 8080 (http)
2022-01-29 00:20:31.427  INFO 8728 --- [restartedMain] o.apache.catalina.core.StandardService   : Starting service [Tomcat]
2022-01-29 00:20:31.428  INFO 8728 --- [restartedMain] org.apache.catalina.core.StandardEngine  : Starting Servlet engine: [Apache Tomcat/9.0.56]
2022-01-29 00:20:31.647  INFO 8728 --- [restartedMain] o.a.c.c.C.[Tomcat].[localhost].[/]       : Initializing Spring embedded WebApplicationContext
2022-01-29 00:20:31.648  INFO 8728 --- [restartedMain] w.s.c.ServletWebServerApplicationContext : Root WebApplicationContext: initialization completed in 4009 ms
2022-01-29 00:20:31.896  INFO 8728 --- [restartedMain] o.hibernate.jpa.internal.util.LogHelper  : HHH000204: Processing PersistenceUnitInfo [name: default]
2022-01-29 00:20:31.978  INFO 8728 --- [restartedMain] org.hibernate.Version                    : HHH000412: Hibernate ORM core version 5.6.3.Final
2022-01-29 00:20:32.216  INFO 8728 --- [restartedMain] o.hibernate.annotations.common.Version   : HCANN000001: Hibernate Commons Annotations {5.1.2.Final}
2022-01-29 00:20:32.430  INFO 8728 --- [restartedMain] com.zaxxer.hikari.HikariDataSource       : HikariPool-1 - Starting...
2022-01-29 00:20:32.748  INFO 8728 --- [restartedMain] com.zaxxer.hikari.HikariDataSource       : HikariPool-1 - Start completed.
2022-01-29 00:20:32.787  INFO 8728 --- [restartedMain] org.hibernate.dialect.Dialect            : HHH000400: Using dialect: org.hibernate.dialect.PostgreSQL10Dialect
2022-01-29 00:20:33.045  WARN 8728 --- [restartedMain] o.h.b.i.InFlightMetadataCollectorImpl    : HHH000069: Duplicate generator name generator
2022-01-29 00:20:33.054  WARN 8728 --- [restartedMain] o.h.b.i.InFlightMetadataCollectorImpl    : HHH000069: Duplicate generator name generator
2022-01-29 00:20:33.061  WARN 8728 --- [restartedMain] o.h.b.i.InFlightMetadataCollectorImpl    : HHH000069: Duplicate generator name generator
2022-01-29 00:20:33.068  WARN 8728 --- [restartedMain] o.h.b.i.InFlightMetadataCollectorImpl    : HHH000069: Duplicate generator name generator
2022-01-29 00:20:34.222  INFO 8728 --- [restartedMain] o.h.e.t.j.p.i.JtaPlatformInitiator       : HHH000490: Using JtaPlatform implementation: [org.hibernate.engine.transaction.jta.platform.internal.NoJtaPlatform]
2022-01-29 00:20:34.239  INFO 8728 --- [restartedMain] j.LocalContainerEntityManagerFactoryBean : Initialized JPA EntityManagerFactory for persistence unit 'default'
2022-01-29 00:20:35.602  WARN 8728 --- [restartedMain] JpaBaseConfiguration$JpaWebConfiguration : spring.jpa.open-in-view is enabled by default. Therefore, database queries may be performed during view rendering. Explicitly configure spring.jpa.open-in-view to disable this warning
2022-01-29 00:20:37.384  INFO 8728 --- [restartedMain] o.s.b.d.a.OptionalLiveReloadServer       : LiveReload server is running on port 35729
2022-01-29 00:20:37.459  INFO 8728 --- [restartedMain] o.s.b.w.embedded.tomcat.TomcatWebServer  : Tomcat started on port(s): 8080 (http) with context path ''
2022-01-29 00:20:37.481  INFO 8728 --- [restartedMain] c.o.N.N11GraduationProjectApplication    : Started N11GraduationProjectApplication in 11.728 seconds (JVM running for 16.401)
2022-01-29 00:21:10.971  INFO 8728 --- [http-nio-8080-exec-1] o.a.c.c.C.[Tomcat].[localhost].[/]       : Initializing Spring DispatcherServlet 'dispatcherServlet'
2022-01-29 00:21:10.972  INFO 8728 --- [http-nio-8080-exec-1] o.s.web.servlet.DispatcherServlet        : Initializing Servlet 'dispatcherServlet'
2022-01-29 00:21:10.974  INFO 8728 --- [http-nio-8080-exec-1] o.s.web.servlet.DispatcherServlet        : Completed initialization in 2 ms
2022-01-29 00:35:49.618  WARN 8728 --- [http-nio-8080-exec-7] .m.m.a.ExceptionHandlerExceptionResolver : Resolved [com.omerozturk.N11GraduationProject.crd.utilities.exception.CrdCreditNotFoundException: Kredi Bulunanamdı!]
2022-01-29 00:41:27.877  INFO 8728 --- [http-nio-8080-exec-1] c.o.N.g.a.t.TwilioServiceImpl            : Send sms SmsRequest(phoneNumber=5426296581, message=N11 Bootcamp: Krediniz Onaylandı. Kredinizi Kabul Etmek İçin Linke Basınız: https://bit.ly/3u0rdIG)
2022-01-29 00:41:28.090  INFO 8728 --- [http-nio-8080-exec-1] c.o.N.c.s.c.CntMessageServiceImpl        : Save sms CntMessage(id=1, title=Kredi Onayı, contents=N11 Bootcamp: Krediniz Onaylandı. Kredinizi Kabul Etmek İçin Linke Basınız: https://bit.ly/3u0rdIG, operationDate=Sat Jan 29 00:41:24 EET 2022, csrCustomerId=1)
2022-01-29 00:41:28.196  INFO 8728 --- [http-nio-8080-exec-1] c.o.N.c.s.c.CsrCustomerCreditServiceImpl : Customer Credit Apply And Saved CsrCustomerCredit(id=1, creditAmount=20000, resultExplanation=Kredi Onaylandı., creditResult=SYSTEM_APPROVED, status=ACTIVE, operationDate=Sat Jan 29 00:41:24 EET 2022, crdCreditId=2, csrCustomerId=1)
2022-01-29 00:52:18.240  INFO 8728 --- [http-nio-8080-exec-5] c.o.N.c.s.c.CsrCustomerCreditServiceImpl : Customer Response Credit CsrCustomerCredit(id=1, creditAmount=20000.00, resultExplanation=Kredi Onaylandı., creditResult=CUSTOMER_APPROVED, status=ACTIVE, operationDate=Sat Jan 29 00:52:18 EET 2022, crdCreditId=2, csrCustomerId=1)
2022-01-29 00:54:55.717  INFO 8728 --- [http-nio-8080-exec-7] c.o.N.c.s.c.CsrCustomerCreditServiceImpl : Customer Response Credit CsrCustomerCredit(id=1, creditAmount=20000.00, resultExplanation=Kredi Onaylandı., creditResult=CUSTOMER_DENIED, status=ACTIVE, operationDate=Sat Jan 29 00:54:55 EET 2022, crdCreditId=2, csrCustomerId=1)
2022-01-29 00:58:08.415  WARN 8728 --- [http-nio-8080-exec-10] .m.m.a.ExceptionHandlerExceptionResolver : Resolved [com.omerozturk.N11GraduationProject.csr.utilities.exception.CsrCustomerCreditNotFoundException: Kredi Bulunanamdı!]
2022-01-29 01:10:52.727  WARN 8728 --- [http-nio-8080-exec-8] .m.m.a.ExceptionHandlerExceptionResolver : Resolved [com.omerozturk.N11GraduationProject.csr.utilities.exception.CsrCustomerCreditNotFoundException: Kullanıcıya Ait Kredi Bulunanamdı!]
2022-01-29 01:14:57.606  WARN 8728 --- [http-nio-8080-exec-1] .m.m.a.ExceptionHandlerExceptionResolver : Resolved [com.omerozturk.N11GraduationProject.csr.utilities.exception.CsrCustomerCreditNotFoundException: Kredi Bulunanamdı!]
2022-01-29 01:17:26.267  WARN 8728 --- [http-nio-8080-exec-5] .m.m.a.ExceptionHandlerExceptionResolver : Resolved [com.omerozturk.N11GraduationProject.csr.utilities.exception.CsrCustomerCreditNotFoundException: Kullanıcıya Ait Kredi Bulunanamdı!]
2022-01-29 01:18:59.152  WARN 8728 --- [http-nio-8080-exec-7] .m.m.a.ExceptionHandlerExceptionResolver : Resolved [com.omerozturk.N11GraduationProject.csr.utilities.exception.CsrCustomerCreditNotFoundException: Kredi Bulunanamdı!]
2022-01-29 01:22:27.377  WARN 8728 --- [http-nio-8080-exec-1] .m.m.a.ExceptionHandlerExceptionResolver : Resolved [org.springframework.web.method.annotation.MethodArgumentTypeMismatchException: Failed to convert value of type 'java.lang.String' to required type 'java.util.Date'; nested exception is org.springframework.core.convert.ConversionFailedException: Failed to convert from type [java.lang.String] to type [@org.springframework.web.bind.annotation.PathVariable @org.springframework.format.annotation.DateTimeFormat java.util.Date] for value '1997-09-08 23:07:31.520000'; nested exception is java.lang.IllegalArgumentException: Invalid format: "1997-09-08 23:07:31.520000" is malformed at " 23:07:31.520000"]
2022-01-29 01:23:15.343  INFO 8728 --- [SpringApplicationShutdownHook] j.LocalContainerEntityManagerFactoryBean : Closing JPA EntityManagerFactory for persistence unit 'default'
2022-01-29 01:23:15.427  INFO 8728 --- [SpringApplicationShutdownHook] com.zaxxer.hikari.HikariDataSource       : HikariPool-1 - Shutdown initiated...
2022-01-29 01:23:15.441  INFO 8728 --- [SpringApplicationShutdownHook] com.zaxxer.hikari.HikariDataSource       : HikariPool-1 - Shutdown completed.
2022-01-29 01:23:40.433  INFO 2856 --- [restartedMain] c.o.N.N11GraduationProjectApplication    : Starting N11GraduationProjectApplication using Java 11.0.12 on DESKTOP-85Q0DB5 with PID 2856 (C:\Users\ömer\Desktop\N11\Ödev\n11-talenthub-bootcamp-graduation-project-omerozturk18\target\classes started by ömer in C:\Users\ömer\Desktop\N11\Ödev\n11-talenthub-bootcamp-graduation-project-omerozturk18)
2022-01-29 01:23:40.436  INFO 2856 --- [restartedMain] c.o.N.N11GraduationProjectApplication    : No active profile set, falling back to default profiles: default
2022-01-29 01:23:40.576  INFO 2856 --- [restartedMain] o.s.b.devtools.restart.ChangeableUrls    : The Class-Path manifest attribute in C:\Users\ömer\.m2\repository\com\sun\xml\ws\jaxws-rt\2.3.3\jaxws-rt-2.3.3.jar referenced one or more files that do not exist: file:/C:/Users/ömer/.m2/repository/com/sun/xml/ws/jaxws-rt/2.3.3/jakarta.annotation-api.jar,file:/C:/Users/ömer/.m2/repository/com/sun/xml/ws/jaxws-rt/2.3.3/jakarta.activation.jar,file:/C:/Users/ömer/.m2/repository/com/sun/xml/ws/jaxws-rt/2.3.3/jakarta.jws-api.jar,file:/C:/Users/ömer/.m2/repository/com/sun/xml/ws/jaxws-rt/2.3.3/jakarta.xml.bind-api.jar,file:/C:/Users/ömer/.m2/repository/com/sun/xml/ws/jaxws-rt/2.3.3/jakarta.xml.ws-api.jar,file:/C:/Users/ömer/.m2/repository/com/sun/xml/ws/jaxws-rt/2.3.3/jakarta.xml.soap-api.jar,file:/C:/Users/ömer/.m2/repository/com/sun/xml/ws/jaxws-rt/2.3.3/FastInfoset.jar,file:/C:/Users/ömer/.m2/repository/com/sun/xml/ws/jaxws-rt/2.3.3/gmbal.jar,file:/C:/Users/ömer/.m2/repository/com/sun/xml/ws/jaxws-rt/2.3.3/ha-api.jar,file:/C:/Users/ömer/.m2/repository/com/sun/xml/ws/jaxws-rt/2.3.3/jaxb-impl.jar,file:/C:/Users/ömer/.m2/repository/com/sun/xml/ws/jaxws-rt/2.3.3/management-api.jar,file:/C:/Users/ömer/.m2/repository/com/sun/xml/ws/jaxws-rt/2.3.3/mimepull.jar,file:/C:/Users/ömer/.m2/repository/com/sun/xml/ws/jaxws-rt/2.3.3/pfl-basic.jar,file:/C:/Users/ömer/.m2/repository/com/sun/xml/ws/jaxws-rt/2.3.3/pfl-tf.jar,file:/C:/Users/ömer/.m2/repository/com/sun/xml/ws/jaxws-rt/2.3.3/policy.jar,file:/C:/Users/ömer/.m2/repository/com/sun/xml/ws/jaxws-rt/2.3.3/saaj-impl.jar,file:/C:/Users/ömer/.m2/repository/com/sun/xml/ws/jaxws-rt/2.3.3/stax-ex.jar,file:/C:/Users/ömer/.m2/repository/com/sun/xml/ws/jaxws-rt/2.3.3/stax2-api.jar,file:/C:/Users/ömer/.m2/repository/com/sun/xml/ws/jaxws-rt/2.3.3/streambuffer.jar,file:/C:/Users/ömer/.m2/repository/com/sun/xml/ws/jaxws-rt/2.3.3/woodstox-core.jar
2022-01-29 01:23:40.576  INFO 2856 --- [restartedMain] o.s.b.devtools.restart.ChangeableUrls    : The Class-Path manifest attribute in C:\Users\ömer\.m2\repository\org\glassfish\ha\ha-api\3.1.12\ha-api-3.1.12.jar referenced one or more files that do not exist: file:/C:/Users/ömer/.m2/repository/org/glassfish/ha/ha-api/3.1.12/hk2.jar,file:/C:/Users/ömer/.m2/repository/org/glassfish/ha/ha-api/3.1.12/hk2-core.jar,file:/C:/Users/ömer/.m2/repository/org/glassfish/ha/ha-api/3.1.12/class-model.jar,file:/C:/Users/ömer/.m2/repository/org/glassfish/ha/ha-api/3.1.12/config.jar,file:/C:/Users/ömer/.m2/repository/org/glassfish/ha/ha-api/3.1.12/tiger-types.jar,file:/C:/Users/ömer/.m2/repository/org/glassfish/ha/ha-api/3.1.12/bean-validator.jar,file:/C:/Users/ömer/.m2/repository/org/glassfish/ha/ha-api/3.1.12/jtype.jar,file:/C:/Users/ömer/.m2/repository/org/glassfish/ha/ha-api/3.1.12/auto-depends.jar,file:/C:/Users/ömer/.m2/repository/org/glassfish/ha/ha-api/3.1.12/javax.inject.jar,file:/C:/Users/ömer/.m2/repository/org/glassfish/ha/ha-api/3.1.12/asm-all-repackaged.jar,file:/C:/Users/ömer/.m2/repository/org/glassfish/ha/ha-api/3.1.12/hk2-api.jar,file:/C:/Users/ömer/.m2/repository/org/glassfish/ha/ha-api/3.1.12/osgi-resource-locator.jar,file:/C:/Users/ömer/.m2/repository/org/glassfish/ha/ha-api/3.1.12/javax.inject.jar
2022-01-29 01:23:40.578  INFO 2856 --- [restartedMain] .e.DevToolsPropertyDefaultsPostProcessor : Devtools property defaults active! Set 'spring.devtools.add-properties' to 'false' to disable
2022-01-29 01:23:40.578  INFO 2856 --- [restartedMain] .e.DevToolsPropertyDefaultsPostProcessor : For additional web related logging consider setting the 'logging.level.web' property to 'DEBUG'
2022-01-29 01:23:42.458  INFO 2856 --- [restartedMain] .s.d.r.c.RepositoryConfigurationDelegate : Bootstrapping Spring Data JPA repositories in DEFAULT mode.
2022-01-29 01:23:43.440  INFO 2856 --- [restartedMain] .s.d.r.c.RepositoryConfigurationDelegate : Finished Spring Data repository scanning in 965 ms. Found 5 JPA repository interfaces.
2022-01-29 01:23:46.917  INFO 2856 --- [restartedMain] o.s.b.w.embedded.tomcat.TomcatWebServer  : Tomcat initialized with port(s): 8080 (http)
2022-01-29 01:23:46.935  INFO 2856 --- [restartedMain] o.apache.catalina.core.StandardService   : Starting service [Tomcat]
2022-01-29 01:23:46.936  INFO 2856 --- [restartedMain] org.apache.catalina.core.StandardEngine  : Starting Servlet engine: [Apache Tomcat/9.0.56]
2022-01-29 01:23:47.188  INFO 2856 --- [restartedMain] o.a.c.c.C.[Tomcat].[localhost].[/]       : Initializing Spring embedded WebApplicationContext
2022-01-29 01:23:47.189  INFO 2856 --- [restartedMain] w.s.c.ServletWebServerApplicationContext : Root WebApplicationContext: initialization completed in 6610 ms
2022-01-29 01:23:47.487  INFO 2856 --- [restartedMain] o.hibernate.jpa.internal.util.LogHelper  : HHH000204: Processing PersistenceUnitInfo [name: default]
2022-01-29 01:23:47.616  INFO 2856 --- [restartedMain] org.hibernate.Version                    : HHH000412: Hibernate ORM core version 5.6.3.Final
2022-01-29 01:23:47.980  INFO 2856 --- [restartedMain] o.hibernate.annotations.common.Version   : HCANN000001: Hibernate Commons Annotations {5.1.2.Final}
2022-01-29 01:23:48.185  INFO 2856 --- [restartedMain] com.zaxxer.hikari.HikariDataSource       : HikariPool-1 - Starting...
2022-01-29 01:23:48.550  INFO 2856 --- [restartedMain] com.zaxxer.hikari.HikariDataSource       : HikariPool-1 - Start completed.
2022-01-29 01:23:48.589  INFO 2856 --- [restartedMain] org.hibernate.dialect.Dialect            : HHH000400: Using dialect: org.hibernate.dialect.PostgreSQL10Dialect
2022-01-29 01:23:48.990  WARN 2856 --- [restartedMain] o.h.b.i.InFlightMetadataCollectorImpl    : HHH000069: Duplicate generator name generator
2022-01-29 01:23:49.004  WARN 2856 --- [restartedMain] o.h.b.i.InFlightMetadataCollectorImpl    : HHH000069: Duplicate generator name generator
2022-01-29 01:23:49.028  WARN 2856 --- [restartedMain] o.h.b.i.InFlightMetadataCollectorImpl    : HHH000069: Duplicate generator name generator
2022-01-29 01:23:49.068  WARN 2856 --- [restartedMain] o.h.b.i.InFlightMetadataCollectorImpl    : HHH000069: Duplicate generator name generator
2022-01-29 01:23:51.148  INFO 2856 --- [restartedMain] o.h.e.t.j.p.i.JtaPlatformInitiator       : HHH000490: Using JtaPlatform implementation: [org.hibernate.engine.transaction.jta.platform.internal.NoJtaPlatform]
2022-01-29 01:23:51.177  INFO 2856 --- [restartedMain] j.LocalContainerEntityManagerFactoryBean : Initialized JPA EntityManagerFactory for persistence unit 'default'
2022-01-29 01:23:52.830  WARN 2856 --- [restartedMain] JpaBaseConfiguration$JpaWebConfiguration : spring.jpa.open-in-view is enabled by default. Therefore, database queries may be performed during view rendering. Explicitly configure spring.jpa.open-in-view to disable this warning
2022-01-29 01:23:55.492  INFO 2856 --- [restartedMain] o.s.b.d.a.OptionalLiveReloadServer       : LiveReload server is running on port 35729
2022-01-29 01:23:55.573  INFO 2856 --- [restartedMain] o.s.b.w.embedded.tomcat.TomcatWebServer  : Tomcat started on port(s): 8080 (http) with context path ''
2022-01-29 01:23:55.596  INFO 2856 --- [restartedMain] c.o.N.N11GraduationProjectApplication    : Started N11GraduationProjectApplication in 16.759 seconds (JVM running for 20.589)
2022-01-29 01:24:04.606  INFO 2856 --- [http-nio-8080-exec-1] o.a.c.c.C.[Tomcat].[localhost].[/]       : Initializing Spring DispatcherServlet 'dispatcherServlet'
2022-01-29 01:24:04.608  INFO 2856 --- [http-nio-8080-exec-1] o.s.web.servlet.DispatcherServlet        : Initializing Servlet 'dispatcherServlet'
2022-01-29 01:24:04.610  INFO 2856 --- [http-nio-8080-exec-1] o.s.web.servlet.DispatcherServlet        : Completed initialization in 2 ms
2022-01-29 01:24:40.147  WARN 2856 --- [HikariPool-1 housekeeper] com.zaxxer.hikari.pool.HikariPool        : HikariPool-1 - Thread starvation or clock leap detected (housekeeper delta=51s493ms282µs200ns).
2022-01-29 01:25:35.485  WARN 2856 --- [HikariPool-1 housekeeper] com.zaxxer.hikari.pool.HikariPool        : HikariPool-1 - Thread starvation or clock leap detected (housekeeper delta=55s338ms690µs300ns).
2022-01-29 01:29:15.531  WARN 2856 --- [http-nio-8080-exec-6] .m.m.a.ExceptionHandlerExceptionResolver : Resolved [com.omerozturk.N11GraduationProject.csr.utilities.exception.CsrCustomerNotFoundException: Müşteri Bulunanamdı!]
2022-01-29 01:33:00.476  WARN 2856 --- [HikariPool-1 housekeeper] com.zaxxer.hikari.pool.HikariPool        : HikariPool-1 - Thread starvation or clock leap detected (housekeeper delta=1m57s467ms899µs900ns).
2022-01-29 01:40:29.089  INFO 2856 --- [http-nio-8080-exec-8] c.o.N.c.s.c.CsrGuaranteeServiceImpl      : Customer Guarantee Saved CsrGuarantee(id=1, explanation=string, guaranteeType=CAR, guaranteeAmount=50000, operationDate=Sat Jan 29 01:40:28 EET 2022, csrCustomerId=1)
2022-01-29 01:40:54.715  INFO 2856 --- [http-nio-8080-exec-9] c.o.N.c.s.c.CsrGuaranteeServiceImpl      : Customer Guarantee Saved CsrGuarantee(id=2, explanation=string, guaranteeType=CAR, guaranteeAmount=50000, operationDate=Sat Jan 29 01:40:54 EET 2022, csrCustomerId=2)
2022-01-29 01:42:31.830  INFO 2856 --- [SpringApplicationShutdownHook] j.LocalContainerEntityManagerFactoryBean : Closing JPA EntityManagerFactory for persistence unit 'default'
2022-01-29 01:42:31.839  INFO 2856 --- [SpringApplicationShutdownHook] com.zaxxer.hikari.HikariDataSource       : HikariPool-1 - Shutdown initiated...
2022-01-29 01:42:31.879  INFO 2856 --- [SpringApplicationShutdownHook] com.zaxxer.hikari.HikariDataSource       : HikariPool-1 - Shutdown completed.
2022-01-29 01:42:49.442  INFO 11452 --- [restartedMain] c.o.N.N11GraduationProjectApplication    : Starting N11GraduationProjectApplication using Java 11.0.12 on DESKTOP-85Q0DB5 with PID 11452 (C:\Users\ömer\Desktop\N11\Ödev\n11-talenthub-bootcamp-graduation-project-omerozturk18\target\classes started by ömer in C:\Users\ömer\Desktop\N11\Ödev\n11-talenthub-bootcamp-graduation-project-omerozturk18)
2022-01-29 01:42:49.445  INFO 11452 --- [restartedMain] c.o.N.N11GraduationProjectApplication    : No active profile set, falling back to default profiles: default
2022-01-29 01:42:49.533  INFO 11452 --- [restartedMain] o.s.b.devtools.restart.ChangeableUrls    : The Class-Path manifest attribute in C:\Users\ömer\.m2\repository\com\sun\xml\ws\jaxws-rt\2.3.3\jaxws-rt-2.3.3.jar referenced one or more files that do not exist: file:/C:/Users/ömer/.m2/repository/com/sun/xml/ws/jaxws-rt/2.3.3/jakarta.annotation-api.jar,file:/C:/Users/ömer/.m2/repository/com/sun/xml/ws/jaxws-rt/2.3.3/jakarta.activation.jar,file:/C:/Users/ömer/.m2/repository/com/sun/xml/ws/jaxws-rt/2.3.3/jakarta.jws-api.jar,file:/C:/Users/ömer/.m2/repository/com/sun/xml/ws/jaxws-rt/2.3.3/jakarta.xml.bind-api.jar,file:/C:/Users/ömer/.m2/repository/com/sun/xml/ws/jaxws-rt/2.3.3/jakarta.xml.ws-api.jar,file:/C:/Users/ömer/.m2/repository/com/sun/xml/ws/jaxws-rt/2.3.3/jakarta.xml.soap-api.jar,file:/C:/Users/ömer/.m2/repository/com/sun/xml/ws/jaxws-rt/2.3.3/FastInfoset.jar,file:/C:/Users/ömer/.m2/repository/com/sun/xml/ws/jaxws-rt/2.3.3/gmbal.jar,file:/C:/Users/ömer/.m2/repository/com/sun/xml/ws/jaxws-rt/2.3.3/ha-api.jar,file:/C:/Users/ömer/.m2/repository/com/sun/xml/ws/jaxws-rt/2.3.3/jaxb-impl.jar,file:/C:/Users/ömer/.m2/repository/com/sun/xml/ws/jaxws-rt/2.3.3/management-api.jar,file:/C:/Users/ömer/.m2/repository/com/sun/xml/ws/jaxws-rt/2.3.3/mimepull.jar,file:/C:/Users/ömer/.m2/repository/com/sun/xml/ws/jaxws-rt/2.3.3/pfl-basic.jar,file:/C:/Users/ömer/.m2/repository/com/sun/xml/ws/jaxws-rt/2.3.3/pfl-tf.jar,file:/C:/Users/ömer/.m2/repository/com/sun/xml/ws/jaxws-rt/2.3.3/policy.jar,file:/C:/Users/ömer/.m2/repository/com/sun/xml/ws/jaxws-rt/2.3.3/saaj-impl.jar,file:/C:/Users/ömer/.m2/repository/com/sun/xml/ws/jaxws-rt/2.3.3/stax-ex.jar,file:/C:/Users/ömer/.m2/repository/com/sun/xml/ws/jaxws-rt/2.3.3/stax2-api.jar,file:/C:/Users/ömer/.m2/repository/com/sun/xml/ws/jaxws-rt/2.3.3/streambuffer.jar,file:/C:/Users/ömer/.m2/repository/com/sun/xml/ws/jaxws-rt/2.3.3/woodstox-core.jar
2022-01-29 01:42:49.534  INFO 11452 --- [restartedMain] o.s.b.devtools.restart.ChangeableUrls    : The Class-Path manifest attribute in C:\Users\ömer\.m2\repository\org\glassfish\ha\ha-api\3.1.12\ha-api-3.1.12.jar referenced one or more files that do not exist: file:/C:/Users/ömer/.m2/repository/org/glassfish/ha/ha-api/3.1.12/hk2.jar,file:/C:/Users/ömer/.m2/repository/org/glassfish/ha/ha-api/3.1.12/hk2-core.jar,file:/C:/Users/ömer/.m2/repository/org/glassfish/ha/ha-api/3.1.12/class-model.jar,file:/C:/Users/ömer/.m2/repository/org/glassfish/ha/ha-api/3.1.12/config.jar,file:/C:/Users/ömer/.m2/repository/org/glassfish/ha/ha-api/3.1.12/tiger-types.jar,file:/C:/Users/ömer/.m2/repository/org/glassfish/ha/ha-api/3.1.12/bean-validator.jar,file:/C:/Users/ömer/.m2/repository/org/glassfish/ha/ha-api/3.1.12/jtype.jar,file:/C:/Users/ömer/.m2/repository/org/glassfish/ha/ha-api/3.1.12/auto-depends.jar,file:/C:/Users/ömer/.m2/repository/org/glassfish/ha/ha-api/3.1.12/javax.inject.jar,file:/C:/Users/ömer/.m2/repository/org/glassfish/ha/ha-api/3.1.12/asm-all-repackaged.jar,file:/C:/Users/ömer/.m2/repository/org/glassfish/ha/ha-api/3.1.12/hk2-api.jar,file:/C:/Users/ömer/.m2/repository/org/glassfish/ha/ha-api/3.1.12/osgi-resource-locator.jar,file:/C:/Users/ömer/.m2/repository/org/glassfish/ha/ha-api/3.1.12/javax.inject.jar
2022-01-29 01:42:49.535  INFO 11452 --- [restartedMain] .e.DevToolsPropertyDefaultsPostProcessor : Devtools property defaults active! Set 'spring.devtools.add-properties' to 'false' to disable
2022-01-29 01:42:49.535  INFO 11452 --- [restartedMain] .e.DevToolsPropertyDefaultsPostProcessor : For additional web related logging consider setting the 'logging.level.web' property to 'DEBUG'
2022-01-29 01:42:51.351  INFO 11452 --- [restartedMain] .s.d.r.c.RepositoryConfigurationDelegate : Bootstrapping Spring Data JPA repositories in DEFAULT mode.
2022-01-29 01:42:51.590  INFO 11452 --- [restartedMain] .s.d.r.c.RepositoryConfigurationDelegate : Finished Spring Data repository scanning in 220 ms. Found 5 JPA repository interfaces.
2022-01-29 01:42:52.747  INFO 11452 --- [restartedMain] o.s.b.w.embedded.tomcat.TomcatWebServer  : Tomcat initialized with port(s): 8080 (http)
2022-01-29 01:42:52.764  INFO 11452 --- [restartedMain] o.apache.catalina.core.StandardService   : Starting service [Tomcat]
2022-01-29 01:42:52.765  INFO 11452 --- [restartedMain] org.apache.catalina.core.StandardEngine  : Starting Servlet engine: [Apache Tomcat/9.0.56]
2022-01-29 01:42:53.002  INFO 11452 --- [restartedMain] o.a.c.c.C.[Tomcat].[localhost].[/]       : Initializing Spring embedded WebApplicationContext
2022-01-29 01:42:53.003  INFO 11452 --- [restartedMain] w.s.c.ServletWebServerApplicationContext : Root WebApplicationContext: initialization completed in 3467 ms
2022-01-29 01:42:53.221  INFO 11452 --- [restartedMain] o.hibernate.jpa.internal.util.LogHelper  : HHH000204: Processing PersistenceUnitInfo [name: default]
2022-01-29 01:42:53.318  INFO 11452 --- [restartedMain] org.hibernate.Version                    : HHH000412: Hibernate ORM core version 5.6.3.Final
2022-01-29 01:42:53.597  INFO 11452 --- [restartedMain] o.hibernate.annotations.common.Version   : HCANN000001: Hibernate Commons Annotations {5.1.2.Final}
2022-01-29 01:42:53.778  INFO 11452 --- [restartedMain] com.zaxxer.hikari.HikariDataSource       : HikariPool-1 - Starting...
2022-01-29 01:42:54.067  INFO 11452 --- [restartedMain] com.zaxxer.hikari.HikariDataSource       : HikariPool-1 - Start completed.
2022-01-29 01:42:54.105  INFO 11452 --- [restartedMain] org.hibernate.dialect.Dialect            : HHH000400: Using dialect: org.hibernate.dialect.PostgreSQL10Dialect
2022-01-29 01:42:54.341  WARN 11452 --- [restartedMain] o.h.b.i.InFlightMetadataCollectorImpl    : HHH000069: Duplicate generator name generator
2022-01-29 01:42:54.350  WARN 11452 --- [restartedMain] o.h.b.i.InFlightMetadataCollectorImpl    : HHH000069: Duplicate generator name generator
2022-01-29 01:42:54.356  WARN 11452 --- [restartedMain] o.h.b.i.InFlightMetadataCollectorImpl    : HHH000069: Duplicate generator name generator
2022-01-29 01:42:54.362  WARN 11452 --- [restartedMain] o.h.b.i.InFlightMetadataCollectorImpl    : HHH000069: Duplicate generator name generator
2022-01-29 01:42:55.460  INFO 11452 --- [restartedMain] o.h.e.t.j.p.i.JtaPlatformInitiator       : HHH000490: Using JtaPlatform implementation: [org.hibernate.engine.transaction.jta.platform.internal.NoJtaPlatform]
2022-01-29 01:42:55.474  INFO 11452 --- [restartedMain] j.LocalContainerEntityManagerFactoryBean : Initialized JPA EntityManagerFactory for persistence unit 'default'
2022-01-29 01:42:56.649  WARN 11452 --- [restartedMain] JpaBaseConfiguration$JpaWebConfiguration : spring.jpa.open-in-view is enabled by default. Therefore, database queries may be performed during view rendering. Explicitly configure spring.jpa.open-in-view to disable this warning
2022-01-29 01:42:58.163  INFO 11452 --- [restartedMain] o.s.b.d.a.OptionalLiveReloadServer       : LiveReload server is running on port 35729
2022-01-29 01:42:58.236  INFO 11452 --- [restartedMain] o.s.b.w.embedded.tomcat.TomcatWebServer  : Tomcat started on port(s): 8080 (http) with context path ''
2022-01-29 01:42:58.257  INFO 11452 --- [restartedMain] c.o.N.N11GraduationProjectApplication    : Started N11GraduationProjectApplication in 9.872 seconds (JVM running for 13.264)
2022-01-29 01:43:01.323  INFO 11452 --- [http-nio-8080-exec-1] o.a.c.c.C.[Tomcat].[localhost].[/]       : Initializing Spring DispatcherServlet 'dispatcherServlet'
2022-01-29 01:43:01.325  INFO 11452 --- [http-nio-8080-exec-1] o.s.web.servlet.DispatcherServlet        : Initializing Servlet 'dispatcherServlet'
2022-01-29 01:43:01.327  INFO 11452 --- [http-nio-8080-exec-1] o.s.web.servlet.DispatcherServlet        : Completed initialization in 2 ms
2022-01-29 01:43:01.665  WARN 11452 --- [http-nio-8080-exec-1] .m.m.a.ExceptionHandlerExceptionResolver : Resolved [com.omerozturk.N11GraduationProject.csr.utilities.exception.CsrCustomerNotFoundException: Müşteri Bulunanamdı!]
2022-01-29 01:56:37.837  INFO 11452 --- [SpringApplicationShutdownHook] j.LocalContainerEntityManagerFactoryBean : Closing JPA EntityManagerFactory for persistence unit 'default'
2022-01-29 01:56:37.843  INFO 11452 --- [SpringApplicationShutdownHook] com.zaxxer.hikari.HikariDataSource       : HikariPool-1 - Shutdown initiated...
2022-01-29 01:56:37.855  INFO 11452 --- [SpringApplicationShutdownHook] com.zaxxer.hikari.HikariDataSource       : HikariPool-1 - Shutdown completed.
2022-01-29 01:56:52.134  INFO 14264 --- [restartedMain] c.o.N.N11GraduationProjectApplication    : Starting N11GraduationProjectApplication using Java 11.0.12 on DESKTOP-85Q0DB5 with PID 14264 (C:\Users\ömer\Desktop\N11\Ödev\n11-talenthub-bootcamp-graduation-project-omerozturk18\target\classes started by ömer in C:\Users\ömer\Desktop\N11\Ödev\n11-talenthub-bootcamp-graduation-project-omerozturk18)
2022-01-29 01:56:52.136  INFO 14264 --- [restartedMain] c.o.N.N11GraduationProjectApplication    : No active profile set, falling back to default profiles: default
2022-01-29 01:56:52.235  INFO 14264 --- [restartedMain] o.s.b.devtools.restart.ChangeableUrls    : The Class-Path manifest attribute in C:\Users\ömer\.m2\repository\com\sun\xml\ws\jaxws-rt\2.3.3\jaxws-rt-2.3.3.jar referenced one or more files that do not exist: file:/C:/Users/ömer/.m2/repository/com/sun/xml/ws/jaxws-rt/2.3.3/jakarta.annotation-api.jar,file:/C:/Users/ömer/.m2/repository/com/sun/xml/ws/jaxws-rt/2.3.3/jakarta.activation.jar,file:/C:/Users/ömer/.m2/repository/com/sun/xml/ws/jaxws-rt/2.3.3/jakarta.jws-api.jar,file:/C:/Users/ömer/.m2/repository/com/sun/xml/ws/jaxws-rt/2.3.3/jakarta.xml.bind-api.jar,file:/C:/Users/ömer/.m2/repository/com/sun/xml/ws/jaxws-rt/2.3.3/jakarta.xml.ws-api.jar,file:/C:/Users/ömer/.m2/repository/com/sun/xml/ws/jaxws-rt/2.3.3/jakarta.xml.soap-api.jar,file:/C:/Users/ömer/.m2/repository/com/sun/xml/ws/jaxws-rt/2.3.3/FastInfoset.jar,file:/C:/Users/ömer/.m2/repository/com/sun/xml/ws/jaxws-rt/2.3.3/gmbal.jar,file:/C:/Users/ömer/.m2/repository/com/sun/xml/ws/jaxws-rt/2.3.3/ha-api.jar,file:/C:/Users/ömer/.m2/repository/com/sun/xml/ws/jaxws-rt/2.3.3/jaxb-impl.jar,file:/C:/Users/ömer/.m2/repository/com/sun/xml/ws/jaxws-rt/2.3.3/management-api.jar,file:/C:/Users/ömer/.m2/repository/com/sun/xml/ws/jaxws-rt/2.3.3/mimepull.jar,file:/C:/Users/ömer/.m2/repository/com/sun/xml/ws/jaxws-rt/2.3.3/pfl-basic.jar,file:/C:/Users/ömer/.m2/repository/com/sun/xml/ws/jaxws-rt/2.3.3/pfl-tf.jar,file:/C:/Users/ömer/.m2/repository/com/sun/xml/ws/jaxws-rt/2.3.3/policy.jar,file:/C:/Users/ömer/.m2/repository/com/sun/xml/ws/jaxws-rt/2.3.3/saaj-impl.jar,file:/C:/Users/ömer/.m2/repository/com/sun/xml/ws/jaxws-rt/2.3.3/stax-ex.jar,file:/C:/Users/ömer/.m2/repository/com/sun/xml/ws/jaxws-rt/2.3.3/stax2-api.jar,file:/C:/Users/ömer/.m2/repository/com/sun/xml/ws/jaxws-rt/2.3.3/streambuffer.jar,file:/C:/Users/ömer/.m2/repository/com/sun/xml/ws/jaxws-rt/2.3.3/woodstox-core.jar
2022-01-29 01:56:52.236  INFO 14264 --- [restartedMain] o.s.b.devtools.restart.ChangeableUrls    : The Class-Path manifest attribute in C:\Users\ömer\.m2\repository\org\glassfish\ha\ha-api\3.1.12\ha-api-3.1.12.jar referenced one or more files that do not exist: file:/C:/Users/ömer/.m2/repository/org/glassfish/ha/ha-api/3.1.12/hk2.jar,file:/C:/Users/ömer/.m2/repository/org/glassfish/ha/ha-api/3.1.12/hk2-core.jar,file:/C:/Users/ömer/.m2/repository/org/glassfish/ha/ha-api/3.1.12/class-model.jar,file:/C:/Users/ömer/.m2/repository/org/glassfish/ha/ha-api/3.1.12/config.jar,file:/C:/Users/ömer/.m2/repository/org/glassfish/ha/ha-api/3.1.12/tiger-types.jar,file:/C:/Users/ömer/.m2/repository/org/glassfish/ha/ha-api/3.1.12/bean-validator.jar,file:/C:/Users/ömer/.m2/repository/org/glassfish/ha/ha-api/3.1.12/jtype.jar,file:/C:/Users/ömer/.m2/repository/org/glassfish/ha/ha-api/3.1.12/auto-depends.jar,file:/C:/Users/ömer/.m2/repository/org/glassfish/ha/ha-api/3.1.12/javax.inject.jar,file:/C:/Users/ömer/.m2/repository/org/glassfish/ha/ha-api/3.1.12/asm-all-repackaged.jar,file:/C:/Users/ömer/.m2/repository/org/glassfish/ha/ha-api/3.1.12/hk2-api.jar,file:/C:/Users/ömer/.m2/repository/org/glassfish/ha/ha-api/3.1.12/osgi-resource-locator.jar,file:/C:/Users/ömer/.m2/repository/org/glassfish/ha/ha-api/3.1.12/javax.inject.jar
2022-01-29 01:56:52.237  INFO 14264 --- [restartedMain] .e.DevToolsPropertyDefaultsPostProcessor : Devtools property defaults active! Set 'spring.devtools.add-properties' to 'false' to disable
2022-01-29 01:56:52.237  INFO 14264 --- [restartedMain] .e.DevToolsPropertyDefaultsPostProcessor : For additional web related logging consider setting the 'logging.level.web' property to 'DEBUG'
2022-01-29 01:56:53.830  INFO 14264 --- [restartedMain] .s.d.r.c.RepositoryConfigurationDelegate : Bootstrapping Spring Data JPA repositories in DEFAULT mode.
2022-01-29 01:56:54.027  INFO 14264 --- [restartedMain] .s.d.r.c.RepositoryConfigurationDelegate : Finished Spring Data repository scanning in 181 ms. Found 5 JPA repository interfaces.
2022-01-29 01:56:55.145  INFO 14264 --- [restartedMain] o.s.b.w.embedded.tomcat.TomcatWebServer  : Tomcat initialized with port(s): 8080 (http)
2022-01-29 01:56:55.165  INFO 14264 --- [restartedMain] o.apache.catalina.core.StandardService   : Starting service [Tomcat]
2022-01-29 01:56:55.167  INFO 14264 --- [restartedMain] org.apache.catalina.core.StandardEngine  : Starting Servlet engine: [Apache Tomcat/9.0.56]
2022-01-29 01:56:55.527  INFO 14264 --- [restartedMain] o.a.c.c.C.[Tomcat].[localhost].[/]       : Initializing Spring embedded WebApplicationContext
2022-01-29 01:56:55.528  INFO 14264 --- [restartedMain] w.s.c.ServletWebServerApplicationContext : Root WebApplicationContext: initialization completed in 3290 ms
2022-01-29 01:56:55.844  INFO 14264 --- [restartedMain] o.hibernate.jpa.internal.util.LogHelper  : HHH000204: Processing PersistenceUnitInfo [name: default]
2022-01-29 01:56:55.969  INFO 14264 --- [restartedMain] org.hibernate.Version                    : HHH000412: Hibernate ORM core version 5.6.3.Final
2022-01-29 01:56:56.276  INFO 14264 --- [restartedMain] o.hibernate.annotations.common.Version   : HCANN000001: Hibernate Commons Annotations {5.1.2.Final}
2022-01-29 01:56:56.504  INFO 14264 --- [restartedMain] com.zaxxer.hikari.HikariDataSource       : HikariPool-1 - Starting...
2022-01-29 01:56:56.929  INFO 14264 --- [restartedMain] com.zaxxer.hikari.HikariDataSource       : HikariPool-1 - Start completed.
2022-01-29 01:56:56.999  INFO 14264 --- [restartedMain] org.hibernate.dialect.Dialect            : HHH000400: Using dialect: org.hibernate.dialect.PostgreSQL10Dialect
2022-01-29 01:56:57.312  WARN 14264 --- [restartedMain] o.h.b.i.InFlightMetadataCollectorImpl    : HHH000069: Duplicate generator name generator
2022-01-29 01:56:57.320  WARN 14264 --- [restartedMain] o.h.b.i.InFlightMetadataCollectorImpl    : HHH000069: Duplicate generator name generator
2022-01-29 01:56:57.327  WARN 14264 --- [restartedMain] o.h.b.i.InFlightMetadataCollectorImpl    : HHH000069: Duplicate generator name generator
2022-01-29 01:56:57.334  WARN 14264 --- [restartedMain] o.h.b.i.InFlightMetadataCollectorImpl    : HHH000069: Duplicate generator name generator
2022-01-29 01:56:58.506  INFO 14264 --- [restartedMain] o.h.e.t.j.p.i.JtaPlatformInitiator       : HHH000490: Using JtaPlatform implementation: [org.hibernate.engine.transaction.jta.platform.internal.NoJtaPlatform]
2022-01-29 01:56:58.521  INFO 14264 --- [restartedMain] j.LocalContainerEntityManagerFactoryBean : Initialized JPA EntityManagerFactory for persistence unit 'default'
2022-01-29 01:57:00.222  WARN 14264 --- [restartedMain] JpaBaseConfiguration$JpaWebConfiguration : spring.jpa.open-in-view is enabled by default. Therefore, database queries may be performed during view rendering. Explicitly configure spring.jpa.open-in-view to disable this warning
2022-01-29 01:57:02.637  INFO 14264 --- [restartedMain] o.s.b.d.a.OptionalLiveReloadServer       : LiveReload server is running on port 35729
2022-01-29 01:57:02.724  INFO 14264 --- [restartedMain] o.s.b.w.embedded.tomcat.TomcatWebServer  : Tomcat started on port(s): 8080 (http) with context path ''
2022-01-29 01:57:02.755  INFO 14264 --- [restartedMain] c.o.N.N11GraduationProjectApplication    : Started N11GraduationProjectApplication in 11.424 seconds (JVM running for 15.241)
2022-01-29 01:59:06.449  INFO 14264 --- [http-nio-8080-exec-1] o.a.c.c.C.[Tomcat].[localhost].[/]       : Initializing Spring DispatcherServlet 'dispatcherServlet'
2022-01-29 01:59:06.451  INFO 14264 --- [http-nio-8080-exec-1] o.s.web.servlet.DispatcherServlet        : Initializing Servlet 'dispatcherServlet'
2022-01-29 01:59:06.453  INFO 14264 --- [http-nio-8080-exec-1] o.s.web.servlet.DispatcherServlet        : Completed initialization in 2 ms
2022-01-29 01:59:09.159  INFO 14264 --- [http-nio-8080-exec-1] c.o.N.c.s.c.CsrCustomerServiceImpl       : Customer Saved CsrCustomer(id=52, identityNumber=27268468182, firstName=ömer, lastName=öztürk, dateOfBirth=Mon Sep 08 03:00:00 EEST 1997, phoneNumber=5426296581, salary=8000, operationDate=Sat Jan 29 01:59:09 EET 2022, status=ACTIVE)
2022-01-29 02:00:40.971  WARN 14264 --- [http-nio-8080-exec-3] .m.m.a.ExceptionHandlerExceptionResolver : Resolved [com.omerozturk.N11GraduationProject.csr.utilities.exception.CsrCustomerNotFoundException: Müşteri Bulunanamdı!]
2022-01-29 02:02:42.712  WARN 14264 --- [http-nio-8080-exec-7] .m.m.a.ExceptionHandlerExceptionResolver : Resolved [com.omerozturk.N11GraduationProject.csr.utilities.exception.CsrCustomerNotFoundException: Teminat Bulunanamdı!]
2022-01-29 02:02:52.355  WARN 14264 --- [http-nio-8080-exec-8] .m.m.a.ExceptionHandlerExceptionResolver : Resolved [com.omerozturk.N11GraduationProject.csr.utilities.exception.CsrCustomerNotFoundException: Teminat Bulunanamdı!]
2022-01-29 02:03:03.314  INFO 14264 --- [http-nio-8080-exec-9] c.o.N.c.s.c.CsrGuaranteeServiceImpl      : Customer Guarantee Deleted CsrGuarantee(id=2, explanation=string, guaranteeType=CAR, guaranteeAmount=50000.00, operationDate=2022-01-29 01:40:54.711, csrCustomerId=2)
2022-01-29 02:04:06.047  WARN 14264 --- [http-nio-8080-exec-1] .m.m.a.ExceptionHandlerExceptionResolver : Resolved [com.omerozturk.N11GraduationProject.csr.utilities.exception.CsrCustomerNotFoundException: Teminat Bulunanamdı!]
2022-01-29 02:06:45.270  WARN 14264 --- [http-nio-8080-exec-4] .m.m.a.ExceptionHandlerExceptionResolver : Resolved [com.omerozturk.N11GraduationProject.csr.utilities.exception.CsrCustomerNotFoundException: Müşteri Bulunanamdı!]
2022-01-29 02:11:19.206  WARN 14264 --- [http-nio-8080-exec-10] .m.m.a.ExceptionHandlerExceptionResolver : Resolved [com.omerozturk.N11GraduationProject.cnt.utilities.exception.CntMessageNotFoundException: Sms Bulunanamdı!]
2022-01-29 02:12:23.404  WARN 14264 --- [http-nio-8080-exec-2] .m.m.a.ExceptionHandlerExceptionResolver : Resolved [com.omerozturk.N11GraduationProject.cnt.utilities.exception.CntMessageNotFoundException: Sms Bulunanamdı!]
2022-01-29 02:14:05.014  WARN 14264 --- [http-nio-8080-exec-4] .m.m.a.ExceptionHandlerExceptionResolver : Resolved [org.springframework.web.bind.MissingPathVariableException: Required URI template variable 'phoneNumber' for method parameter type String is not present]
2022-01-29 02:14:36.333  WARN 14264 --- [http-nio-8080-exec-5] .m.m.a.ExceptionHandlerExceptionResolver : Resolved [org.springframework.web.bind.MissingPathVariableException: Required URI template variable 'phoneNumber' for method parameter type String is not present]
2022-01-29 02:14:46.969  WARN 14264 --- [http-nio-8080-exec-6] .m.m.a.ExceptionHandlerExceptionResolver : Resolved [org.springframework.web.bind.MissingPathVariableException: Required URI template variable 'phoneNumber' for method parameter type String is not present]
2022-01-29 02:15:12.617  WARN 14264 --- [http-nio-8080-exec-7] .m.m.a.ExceptionHandlerExceptionResolver : Resolved [org.springframework.web.bind.MissingPathVariableException: Required URI template variable 'phoneNumber' for method parameter type String is not present]
2022-01-29 02:15:13.530  WARN 14264 --- [http-nio-8080-exec-8] .m.m.a.ExceptionHandlerExceptionResolver : Resolved [org.springframework.web.bind.MissingPathVariableException: Required URI template variable 'phoneNumber' for method parameter type String is not present]
2022-01-29 02:19:29.886  INFO 14264 --- [http-nio-8080-exec-9] c.o.N.g.a.t.TwilioServiceImpl            : Send sms SmsRequest(phoneNumber=5426296581, message=string)
2022-01-29 02:19:29.915  INFO 14264 --- [http-nio-8080-exec-9] c.o.N.c.s.c.CntMessageServiceImpl        : Save sms CntMessage(id=52, title=string, contents=string, operationDate=Sat Jan 29 02:19:28 EET 2022, csrCustomerId=52)
2022-01-29 02:19:52.833  WARN 14264 --- [http-nio-8080-exec-10] .m.m.a.ExceptionHandlerExceptionResolver : Resolved [org.springframework.web.bind.MissingPathVariableException: Required URI template variable 'phoneNumber' for method parameter type String is not present]
2022-01-29 02:20:08.949  INFO 14264 --- [SpringApplicationShutdownHook] j.LocalContainerEntityManagerFactoryBean : Closing JPA EntityManagerFactory for persistence unit 'default'
2022-01-29 02:20:08.955  INFO 14264 --- [SpringApplicationShutdownHook] com.zaxxer.hikari.HikariDataSource       : HikariPool-1 - Shutdown initiated...
2022-01-29 02:20:08.968  INFO 14264 --- [SpringApplicationShutdownHook] com.zaxxer.hikari.HikariDataSource       : HikariPool-1 - Shutdown completed.
2022-01-29 02:20:28.015  INFO 14656 --- [restartedMain] c.o.N.N11GraduationProjectApplication    : Starting N11GraduationProjectApplication using Java 11.0.12 on DESKTOP-85Q0DB5 with PID 14656 (C:\Users\ömer\Desktop\N11\Ödev\n11-talenthub-bootcamp-graduation-project-omerozturk18\target\classes started by ömer in C:\Users\ömer\Desktop\N11\Ödev\n11-talenthub-bootcamp-graduation-project-omerozturk18)
2022-01-29 02:20:28.022  INFO 14656 --- [restartedMain] c.o.N.N11GraduationProjectApplication    : No active profile set, falling back to default profiles: default
2022-01-29 02:20:28.508  INFO 14656 --- [restartedMain] o.s.b.devtools.restart.ChangeableUrls    : The Class-Path manifest attribute in C:\Users\ömer\.m2\repository\com\sun\xml\ws\jaxws-rt\2.3.3\jaxws-rt-2.3.3.jar referenced one or more files that do not exist: file:/C:/Users/ömer/.m2/repository/com/sun/xml/ws/jaxws-rt/2.3.3/jakarta.annotation-api.jar,file:/C:/Users/ömer/.m2/repository/com/sun/xml/ws/jaxws-rt/2.3.3/jakarta.activation.jar,file:/C:/Users/ömer/.m2/repository/com/sun/xml/ws/jaxws-rt/2.3.3/jakarta.jws-api.jar,file:/C:/Users/ömer/.m2/repository/com/sun/xml/ws/jaxws-rt/2.3.3/jakarta.xml.bind-api.jar,file:/C:/Users/ömer/.m2/repository/com/sun/xml/ws/jaxws-rt/2.3.3/jakarta.xml.ws-api.jar,file:/C:/Users/ömer/.m2/repository/com/sun/xml/ws/jaxws-rt/2.3.3/jakarta.xml.soap-api.jar,file:/C:/Users/ömer/.m2/repository/com/sun/xml/ws/jaxws-rt/2.3.3/FastInfoset.jar,file:/C:/Users/ömer/.m2/repository/com/sun/xml/ws/jaxws-rt/2.3.3/gmbal.jar,file:/C:/Users/ömer/.m2/repository/com/sun/xml/ws/jaxws-rt/2.3.3/ha-api.jar,file:/C:/Users/ömer/.m2/repository/com/sun/xml/ws/jaxws-rt/2.3.3/jaxb-impl.jar,file:/C:/Users/ömer/.m2/repository/com/sun/xml/ws/jaxws-rt/2.3.3/management-api.jar,file:/C:/Users/ömer/.m2/repository/com/sun/xml/ws/jaxws-rt/2.3.3/mimepull.jar,file:/C:/Users/ömer/.m2/repository/com/sun/xml/ws/jaxws-rt/2.3.3/pfl-basic.jar,file:/C:/Users/ömer/.m2/repository/com/sun/xml/ws/jaxws-rt/2.3.3/pfl-tf.jar,file:/C:/Users/ömer/.m2/repository/com/sun/xml/ws/jaxws-rt/2.3.3/policy.jar,file:/C:/Users/ömer/.m2/repository/com/sun/xml/ws/jaxws-rt/2.3.3/saaj-impl.jar,file:/C:/Users/ömer/.m2/repository/com/sun/xml/ws/jaxws-rt/2.3.3/stax-ex.jar,file:/C:/Users/ömer/.m2/repository/com/sun/xml/ws/jaxws-rt/2.3.3/stax2-api.jar,file:/C:/Users/ömer/.m2/repository/com/sun/xml/ws/jaxws-rt/2.3.3/streambuffer.jar,file:/C:/Users/ömer/.m2/repository/com/sun/xml/ws/jaxws-rt/2.3.3/woodstox-core.jar
2022-01-29 02:20:28.509  INFO 14656 --- [restartedMain] o.s.b.devtools.restart.ChangeableUrls    : The Class-Path manifest attribute in C:\Users\ömer\.m2\repository\org\glassfish\ha\ha-api\3.1.12\ha-api-3.1.12.jar referenced one or more files that do not exist: file:/C:/Users/ömer/.m2/repository/org/glassfish/ha/ha-api/3.1.12/hk2.jar,file:/C:/Users/ömer/.m2/repository/org/glassfish/ha/ha-api/3.1.12/hk2-core.jar,file:/C:/Users/ömer/.m2/repository/org/glassfish/ha/ha-api/3.1.12/class-model.jar,file:/C:/Users/ömer/.m2/repository/org/glassfish/ha/ha-api/3.1.12/config.jar,file:/C:/Users/ömer/.m2/repository/org/glassfish/ha/ha-api/3.1.12/tiger-types.jar,file:/C:/Users/ömer/.m2/repository/org/glassfish/ha/ha-api/3.1.12/bean-validator.jar,file:/C:/Users/ömer/.m2/repository/org/glassfish/ha/ha-api/3.1.12/jtype.jar,file:/C:/Users/ömer/.m2/repository/org/glassfish/ha/ha-api/3.1.12/auto-depends.jar,file:/C:/Users/ömer/.m2/repository/org/glassfish/ha/ha-api/3.1.12/javax.inject.jar,file:/C:/Users/ömer/.m2/repository/org/glassfish/ha/ha-api/3.1.12/asm-all-repackaged.jar,file:/C:/Users/ömer/.m2/repository/org/glassfish/ha/ha-api/3.1.12/hk2-api.jar,file:/C:/Users/ömer/.m2/repository/org/glassfish/ha/ha-api/3.1.12/osgi-resource-locator.jar,file:/C:/Users/ömer/.m2/repository/org/glassfish/ha/ha-api/3.1.12/javax.inject.jar
2022-01-29 02:20:28.510  INFO 14656 --- [restartedMain] .e.DevToolsPropertyDefaultsPostProcessor : Devtools property defaults active! Set 'spring.devtools.add-properties' to 'false' to disable
2022-01-29 02:20:28.510  INFO 14656 --- [restartedMain] .e.DevToolsPropertyDefaultsPostProcessor : For additional web related logging consider setting the 'logging.level.web' property to 'DEBUG'
2022-01-29 02:20:32.312  INFO 14656 --- [restartedMain] .s.d.r.c.RepositoryConfigurationDelegate : Bootstrapping Spring Data JPA repositories in DEFAULT mode.
2022-01-29 02:20:32.893  INFO 14656 --- [restartedMain] .s.d.r.c.RepositoryConfigurationDelegate : Finished Spring Data repository scanning in 513 ms. Found 5 JPA repository interfaces.
2022-01-29 02:20:34.210  INFO 14656 --- [restartedMain] o.s.b.w.embedded.tomcat.TomcatWebServer  : Tomcat initialized with port(s): 8080 (http)
2022-01-29 02:20:34.225  INFO 14656 --- [restartedMain] o.apache.catalina.core.StandardService   : Starting service [Tomcat]
2022-01-29 02:20:34.226  INFO 14656 --- [restartedMain] org.apache.catalina.core.StandardEngine  : Starting Servlet engine: [Apache Tomcat/9.0.56]
2022-01-29 02:20:34.452  INFO 14656 --- [restartedMain] o.a.c.c.C.[Tomcat].[localhost].[/]       : Initializing Spring embedded WebApplicationContext
2022-01-29 02:20:34.453  INFO 14656 --- [restartedMain] w.s.c.ServletWebServerApplicationContext : Root WebApplicationContext: initialization completed in 5942 ms
2022-01-29 02:20:34.699  INFO 14656 --- [restartedMain] o.hibernate.jpa.internal.util.LogHelper  : HHH000204: Processing PersistenceUnitInfo [name: default]
2022-01-29 02:20:34.790  INFO 14656 --- [restartedMain] org.hibernate.Version                    : HHH000412: Hibernate ORM core version 5.6.3.Final
2022-01-29 02:20:35.015  INFO 14656 --- [restartedMain] o.hibernate.annotations.common.Version   : HCANN000001: Hibernate Commons Annotations {5.1.2.Final}
2022-01-29 02:20:35.170  INFO 14656 --- [restartedMain] com.zaxxer.hikari.HikariDataSource       : HikariPool-1 - Starting...
2022-01-29 02:20:35.500  INFO 14656 --- [restartedMain] com.zaxxer.hikari.HikariDataSource       : HikariPool-1 - Start completed.
2022-01-29 02:20:35.535  INFO 14656 --- [restartedMain] org.hibernate.dialect.Dialect            : HHH000400: Using dialect: org.hibernate.dialect.PostgreSQL10Dialect
2022-01-29 02:20:35.845  WARN 14656 --- [restartedMain] o.h.b.i.InFlightMetadataCollectorImpl    : HHH000069: Duplicate generator name generator
2022-01-29 02:20:35.853  WARN 14656 --- [restartedMain] o.h.b.i.InFlightMetadataCollectorImpl    : HHH000069: Duplicate generator name generator
2022-01-29 02:20:35.858  WARN 14656 --- [restartedMain] o.h.b.i.InFlightMetadataCollectorImpl    : HHH000069: Duplicate generator name generator
2022-01-29 02:20:35.864  WARN 14656 --- [restartedMain] o.h.b.i.InFlightMetadataCollectorImpl    : HHH000069: Duplicate generator name generator
2022-01-29 02:20:37.015  INFO 14656 --- [restartedMain] o.h.e.t.j.p.i.JtaPlatformInitiator       : HHH000490: Using JtaPlatform implementation: [org.hibernate.engine.transaction.jta.platform.internal.NoJtaPlatform]
2022-01-29 02:20:37.028  INFO 14656 --- [restartedMain] j.LocalContainerEntityManagerFactoryBean : Initialized JPA EntityManagerFactory for persistence unit 'default'
2022-01-29 02:20:38.102  WARN 14656 --- [restartedMain] JpaBaseConfiguration$JpaWebConfiguration : spring.jpa.open-in-view is enabled by default. Therefore, database queries may be performed during view rendering. Explicitly configure spring.jpa.open-in-view to disable this warning
2022-01-29 02:20:39.499  INFO 14656 --- [restartedMain] o.s.b.d.a.OptionalLiveReloadServer       : LiveReload server is running on port 35729
2022-01-29 02:20:39.562  INFO 14656 --- [restartedMain] o.s.b.w.embedded.tomcat.TomcatWebServer  : Tomcat started on port(s): 8080 (http) with context path ''
2022-01-29 02:20:39.582  INFO 14656 --- [restartedMain] c.o.N.N11GraduationProjectApplication    : Started N11GraduationProjectApplication in 14.645 seconds (JVM running for 18.393)
2022-01-29 02:20:39.819  INFO 14656 --- [SpringApplicationShutdownHook] j.LocalContainerEntityManagerFactoryBean : Closing JPA EntityManagerFactory for persistence unit 'default'
2022-01-29 02:20:39.825  INFO 14656 --- [SpringApplicationShutdownHook] com.zaxxer.hikari.HikariDataSource       : HikariPool-1 - Shutdown initiated...
2022-01-29 02:20:39.837  INFO 14656 --- [SpringApplicationShutdownHook] com.zaxxer.hikari.HikariDataSource       : HikariPool-1 - Shutdown completed.
2022-01-29 02:20:50.140  INFO 6656 --- [restartedMain] c.o.N.N11GraduationProjectApplication    : Starting N11GraduationProjectApplication using Java 11.0.12 on DESKTOP-85Q0DB5 with PID 6656 (C:\Users\ömer\Desktop\N11\Ödev\n11-talenthub-bootcamp-graduation-project-omerozturk18\target\classes started by ömer in C:\Users\ömer\Desktop\N11\Ödev\n11-talenthub-bootcamp-graduation-project-omerozturk18)
2022-01-29 02:20:50.143  INFO 6656 --- [restartedMain] c.o.N.N11GraduationProjectApplication    : No active profile set, falling back to default profiles: default
2022-01-29 02:20:50.236  INFO 6656 --- [restartedMain] o.s.b.devtools.restart.ChangeableUrls    : The Class-Path manifest attribute in C:\Users\ömer\.m2\repository\com\sun\xml\ws\jaxws-rt\2.3.3\jaxws-rt-2.3.3.jar referenced one or more files that do not exist: file:/C:/Users/ömer/.m2/repository/com/sun/xml/ws/jaxws-rt/2.3.3/jakarta.annotation-api.jar,file:/C:/Users/ömer/.m2/repository/com/sun/xml/ws/jaxws-rt/2.3.3/jakarta.activation.jar,file:/C:/Users/ömer/.m2/repository/com/sun/xml/ws/jaxws-rt/2.3.3/jakarta.jws-api.jar,file:/C:/Users/ömer/.m2/repository/com/sun/xml/ws/jaxws-rt/2.3.3/jakarta.xml.bind-api.jar,file:/C:/Users/ömer/.m2/repository/com/sun/xml/ws/jaxws-rt/2.3.3/jakarta.xml.ws-api.jar,file:/C:/Users/ömer/.m2/repository/com/sun/xml/ws/jaxws-rt/2.3.3/jakarta.xml.soap-api.jar,file:/C:/Users/ömer/.m2/repository/com/sun/xml/ws/jaxws-rt/2.3.3/FastInfoset.jar,file:/C:/Users/ömer/.m2/repository/com/sun/xml/ws/jaxws-rt/2.3.3/gmbal.jar,file:/C:/Users/ömer/.m2/repository/com/sun/xml/ws/jaxws-rt/2.3.3/ha-api.jar,file:/C:/Users/ömer/.m2/repository/com/sun/xml/ws/jaxws-rt/2.3.3/jaxb-impl.jar,file:/C:/Users/ömer/.m2/repository/com/sun/xml/ws/jaxws-rt/2.3.3/management-api.jar,file:/C:/Users/ömer/.m2/repository/com/sun/xml/ws/jaxws-rt/2.3.3/mimepull.jar,file:/C:/Users/ömer/.m2/repository/com/sun/xml/ws/jaxws-rt/2.3.3/pfl-basic.jar,file:/C:/Users/ömer/.m2/repository/com/sun/xml/ws/jaxws-rt/2.3.3/pfl-tf.jar,file:/C:/Users/ömer/.m2/repository/com/sun/xml/ws/jaxws-rt/2.3.3/policy.jar,file:/C:/Users/ömer/.m2/repository/com/sun/xml/ws/jaxws-rt/2.3.3/saaj-impl.jar,file:/C:/Users/ömer/.m2/repository/com/sun/xml/ws/jaxws-rt/2.3.3/stax-ex.jar,file:/C:/Users/ömer/.m2/repository/com/sun/xml/ws/jaxws-rt/2.3.3/stax2-api.jar,file:/C:/Users/ömer/.m2/repository/com/sun/xml/ws/jaxws-rt/2.3.3/streambuffer.jar,file:/C:/Users/ömer/.m2/repository/com/sun/xml/ws/jaxws-rt/2.3.3/woodstox-core.jar
2022-01-29 02:20:50.236  INFO 6656 --- [restartedMain] o.s.b.devtools.restart.ChangeableUrls    : The Class-Path manifest attribute in C:\Users\ömer\.m2\repository\org\glassfish\ha\ha-api\3.1.12\ha-api-3.1.12.jar referenced one or more files that do not exist: file:/C:/Users/ömer/.m2/repository/org/glassfish/ha/ha-api/3.1.12/hk2.jar,file:/C:/Users/ömer/.m2/repository/org/glassfish/ha/ha-api/3.1.12/hk2-core.jar,file:/C:/Users/ömer/.m2/repository/org/glassfish/ha/ha-api/3.1.12/class-model.jar,file:/C:/Users/ömer/.m2/repository/org/glassfish/ha/ha-api/3.1.12/config.jar,file:/C:/Users/ömer/.m2/repository/org/glassfish/ha/ha-api/3.1.12/tiger-types.jar,file:/C:/Users/ömer/.m2/repository/org/glassfish/ha/ha-api/3.1.12/bean-validator.jar,file:/C:/Users/ömer/.m2/repository/org/glassfish/ha/ha-api/3.1.12/jtype.jar,file:/C:/Users/ömer/.m2/repository/org/glassfish/ha/ha-api/3.1.12/auto-depends.jar,file:/C:/Users/ömer/.m2/repository/org/glassfish/ha/ha-api/3.1.12/javax.inject.jar,file:/C:/Users/ömer/.m2/repository/org/glassfish/ha/ha-api/3.1.12/asm-all-repackaged.jar,file:/C:/Users/ömer/.m2/repository/org/glassfish/ha/ha-api/3.1.12/hk2-api.jar,file:/C:/Users/ömer/.m2/repository/org/glassfish/ha/ha-api/3.1.12/osgi-resource-locator.jar,file:/C:/Users/ömer/.m2/repository/org/glassfish/ha/ha-api/3.1.12/javax.inject.jar
2022-01-29 02:20:50.237  INFO 6656 --- [restartedMain] .e.DevToolsPropertyDefaultsPostProcessor : Devtools property defaults active! Set 'spring.devtools.add-properties' to 'false' to disable
2022-01-29 02:20:50.237  INFO 6656 --- [restartedMain] .e.DevToolsPropertyDefaultsPostProcessor : For additional web related logging consider setting the 'logging.level.web' property to 'DEBUG'
2022-01-29 02:20:52.255  INFO 6656 --- [restartedMain] .s.d.r.c.RepositoryConfigurationDelegate : Bootstrapping Spring Data JPA repositories in DEFAULT mode.
2022-01-29 02:20:52.476  INFO 6656 --- [restartedMain] .s.d.r.c.RepositoryConfigurationDelegate : Finished Spring Data repository scanning in 203 ms. Found 5 JPA repository interfaces.
2022-01-29 02:20:53.714  INFO 6656 --- [restartedMain] o.s.b.w.embedded.tomcat.TomcatWebServer  : Tomcat initialized with port(s): 8080 (http)
2022-01-29 02:20:53.729  INFO 6656 --- [restartedMain] o.apache.catalina.core.StandardService   : Starting service [Tomcat]
2022-01-29 02:20:53.730  INFO 6656 --- [restartedMain] org.apache.catalina.core.StandardEngine  : Starting Servlet engine: [Apache Tomcat/9.0.56]
2022-01-29 02:20:53.946  INFO 6656 --- [restartedMain] o.a.c.c.C.[Tomcat].[localhost].[/]       : Initializing Spring embedded WebApplicationContext
2022-01-29 02:20:53.947  INFO 6656 --- [restartedMain] w.s.c.ServletWebServerApplicationContext : Root WebApplicationContext: initialization completed in 3709 ms
2022-01-29 02:20:54.191  INFO 6656 --- [restartedMain] o.hibernate.jpa.internal.util.LogHelper  : HHH000204: Processing PersistenceUnitInfo [name: default]
2022-01-29 02:20:54.262  INFO 6656 --- [restartedMain] org.hibernate.Version                    : HHH000412: Hibernate ORM core version 5.6.3.Final
2022-01-29 02:20:54.481  INFO 6656 --- [restartedMain] o.hibernate.annotations.common.Version   : HCANN000001: Hibernate Commons Annotations {5.1.2.Final}
2022-01-29 02:20:54.645  INFO 6656 --- [restartedMain] com.zaxxer.hikari.HikariDataSource       : HikariPool-1 - Starting...
2022-01-29 02:20:54.965  INFO 6656 --- [restartedMain] com.zaxxer.hikari.HikariDataSource       : HikariPool-1 - Start completed.
2022-01-29 02:20:55.006  INFO 6656 --- [restartedMain] org.hibernate.dialect.Dialect            : HHH000400: Using dialect: org.hibernate.dialect.PostgreSQL10Dialect
2022-01-29 02:20:55.251  WARN 6656 --- [restartedMain] o.h.b.i.InFlightMetadataCollectorImpl    : HHH000069: Duplicate generator name generator
2022-01-29 02:20:55.260  WARN 6656 --- [restartedMain] o.h.b.i.InFlightMetadataCollectorImpl    : HHH000069: Duplicate generator name generator
2022-01-29 02:20:55.266  WARN 6656 --- [restartedMain] o.h.b.i.InFlightMetadataCollectorImpl    : HHH000069: Duplicate generator name generator
2022-01-29 02:20:55.274  WARN 6656 --- [restartedMain] o.h.b.i.InFlightMetadataCollectorImpl    : HHH000069: Duplicate generator name generator
2022-01-29 02:20:56.308  INFO 6656 --- [restartedMain] o.h.e.t.j.p.i.JtaPlatformInitiator       : HHH000490: Using JtaPlatform implementation: [org.hibernate.engine.transaction.jta.platform.internal.NoJtaPlatform]
2022-01-29 02:20:56.323  INFO 6656 --- [restartedMain] j.LocalContainerEntityManagerFactoryBean : Initialized JPA EntityManagerFactory for persistence unit 'default'
2022-01-29 02:20:57.530  WARN 6656 --- [restartedMain] JpaBaseConfiguration$JpaWebConfiguration : spring.jpa.open-in-view is enabled by default. Therefore, database queries may be performed during view rendering. Explicitly configure spring.jpa.open-in-view to disable this warning
2022-01-29 02:20:59.259  INFO 6656 --- [restartedMain] o.s.b.d.a.OptionalLiveReloadServer       : LiveReload server is running on port 35729
2022-01-29 02:20:59.328  INFO 6656 --- [restartedMain] o.s.b.w.embedded.tomcat.TomcatWebServer  : Tomcat started on port(s): 8080 (http) with context path ''
2022-01-29 02:20:59.349  INFO 6656 --- [restartedMain] c.o.N.N11GraduationProjectApplication    : Started N11GraduationProjectApplication in 10.11 seconds (JVM running for 12.963)
2022-01-29 02:21:03.492  INFO 6656 --- [http-nio-8080-exec-1] o.a.c.c.C.[Tomcat].[localhost].[/]       : Initializing Spring DispatcherServlet 'dispatcherServlet'
2022-01-29 02:21:03.494  INFO 6656 --- [http-nio-8080-exec-1] o.s.web.servlet.DispatcherServlet        : Initializing Servlet 'dispatcherServlet'
2022-01-29 02:21:03.498  INFO 6656 --- [http-nio-8080-exec-1] o.s.web.servlet.DispatcherServlet        : Completed initialization in 4 ms
2022-01-29 02:21:21.087  WARN 6656 --- [http-nio-8080-exec-1] .m.m.a.ExceptionHandlerExceptionResolver : Resolved [com.omerozturk.N11GraduationProject.cnt.utilities.exception.CntMessageNotFoundException: Bu Telefon Numarasına Ait Sms Bulunanamdı!]
2022-01-29 02:22:28.534  INFO 6656 --- [http-nio-8080-exec-5] o.springdoc.api.AbstractOpenApiResource  : Init duration for springdoc-openapi is: 615 ms
2022-01-29 02:24:58.033  INFO 6656 --- [http-nio-8080-exec-9] c.o.N.g.a.t.TwilioServiceImpl            : Send sms SmsRequest(phoneNumber=5426296581, message=string)
2022-01-29 02:24:58.129  INFO 6656 --- [http-nio-8080-exec-9] c.o.N.c.s.c.CntMessageServiceImpl        : Save sms CntMessage(id=102, title=string, contents=string, operationDate=Sat Jan 29 02:24:56 EET 2022, csrCustomerId=52)
2022-01-29 02:25:14.472  WARN 6656 --- [http-nio-8080-exec-10] .m.m.a.ExceptionHandlerExceptionResolver : Resolved [com.omerozturk.N11GraduationProject.csr.utilities.exception.CsrCustomerNotFoundException: Müşteri Bulunanamdı!]
2022-01-29 02:28:19.125  INFO 6656 --- [SpringApplicationShutdownHook] j.LocalContainerEntityManagerFactoryBean : Closing JPA EntityManagerFactory for persistence unit 'default'
2022-01-29 02:28:19.131  INFO 6656 --- [SpringApplicationShutdownHook] com.zaxxer.hikari.HikariDataSource       : HikariPool-1 - Shutdown initiated...
2022-01-29 02:28:19.145  INFO 6656 --- [SpringApplicationShutdownHook] com.zaxxer.hikari.HikariDataSource       : HikariPool-1 - Shutdown completed.
2022-01-29 02:33:24.062  INFO 4440 --- [restartedMain] c.o.N.N11GraduationProjectApplication    : Starting N11GraduationProjectApplication using Java 11.0.12 on DESKTOP-85Q0DB5 with PID 4440 (C:\Users\ömer\Desktop\N11\Ödev\n11-talenthub-bootcamp-graduation-project-omerozturk18\target\classes started by ömer in C:\Users\ömer\Desktop\N11\Ödev\n11-talenthub-bootcamp-graduation-project-omerozturk18)
2022-01-29 02:33:24.064  INFO 4440 --- [restartedMain] c.o.N.N11GraduationProjectApplication    : No active profile set, falling back to default profiles: default
2022-01-29 02:33:24.132  INFO 4440 --- [restartedMain] o.s.b.devtools.restart.ChangeableUrls    : The Class-Path manifest attribute in C:\Users\ömer\.m2\repository\com\sun\xml\ws\jaxws-rt\2.3.3\jaxws-rt-2.3.3.jar referenced one or more files that do not exist: file:/C:/Users/ömer/.m2/repository/com/sun/xml/ws/jaxws-rt/2.3.3/jakarta.annotation-api.jar,file:/C:/Users/ömer/.m2/repository/com/sun/xml/ws/jaxws-rt/2.3.3/jakarta.activation.jar,file:/C:/Users/ömer/.m2/repository/com/sun/xml/ws/jaxws-rt/2.3.3/jakarta.jws-api.jar,file:/C:/Users/ömer/.m2/repository/com/sun/xml/ws/jaxws-rt/2.3.3/jakarta.xml.bind-api.jar,file:/C:/Users/ömer/.m2/repository/com/sun/xml/ws/jaxws-rt/2.3.3/jakarta.xml.ws-api.jar,file:/C:/Users/ömer/.m2/repository/com/sun/xml/ws/jaxws-rt/2.3.3/jakarta.xml.soap-api.jar,file:/C:/Users/ömer/.m2/repository/com/sun/xml/ws/jaxws-rt/2.3.3/FastInfoset.jar,file:/C:/Users/ömer/.m2/repository/com/sun/xml/ws/jaxws-rt/2.3.3/gmbal.jar,file:/C:/Users/ömer/.m2/repository/com/sun/xml/ws/jaxws-rt/2.3.3/ha-api.jar,file:/C:/Users/ömer/.m2/repository/com/sun/xml/ws/jaxws-rt/2.3.3/jaxb-impl.jar,file:/C:/Users/ömer/.m2/repository/com/sun/xml/ws/jaxws-rt/2.3.3/management-api.jar,file:/C:/Users/ömer/.m2/repository/com/sun/xml/ws/jaxws-rt/2.3.3/mimepull.jar,file:/C:/Users/ömer/.m2/repository/com/sun/xml/ws/jaxws-rt/2.3.3/pfl-basic.jar,file:/C:/Users/ömer/.m2/repository/com/sun/xml/ws/jaxws-rt/2.3.3/pfl-tf.jar,file:/C:/Users/ömer/.m2/repository/com/sun/xml/ws/jaxws-rt/2.3.3/policy.jar,file:/C:/Users/ömer/.m2/repository/com/sun/xml/ws/jaxws-rt/2.3.3/saaj-impl.jar,file:/C:/Users/ömer/.m2/repository/com/sun/xml/ws/jaxws-rt/2.3.3/stax-ex.jar,file:/C:/Users/ömer/.m2/repository/com/sun/xml/ws/jaxws-rt/2.3.3/stax2-api.jar,file:/C:/Users/ömer/.m2/repository/com/sun/xml/ws/jaxws-rt/2.3.3/streambuffer.jar,file:/C:/Users/ömer/.m2/repository/com/sun/xml/ws/jaxws-rt/2.3.3/woodstox-core.jar
2022-01-29 02:33:24.132  INFO 4440 --- [restartedMain] o.s.b.devtools.restart.ChangeableUrls    : The Class-Path manifest attribute in C:\Users\ömer\.m2\repository\org\glassfish\ha\ha-api\3.1.12\ha-api-3.1.12.jar referenced one or more files that do not exist: file:/C:/Users/ömer/.m2/repository/org/glassfish/ha/ha-api/3.1.12/hk2.jar,file:/C:/Users/ömer/.m2/repository/org/glassfish/ha/ha-api/3.1.12/hk2-core.jar,file:/C:/Users/ömer/.m2/repository/org/glassfish/ha/ha-api/3.1.12/class-model.jar,file:/C:/Users/ömer/.m2/repository/org/glassfish/ha/ha-api/3.1.12/config.jar,file:/C:/Users/ömer/.m2/repository/org/glassfish/ha/ha-api/3.1.12/tiger-types.jar,file:/C:/Users/ömer/.m2/repository/org/glassfish/ha/ha-api/3.1.12/bean-validator.jar,file:/C:/Users/ömer/.m2/repository/org/glassfish/ha/ha-api/3.1.12/jtype.jar,file:/C:/Users/ömer/.m2/repository/org/glassfish/ha/ha-api/3.1.12/auto-depends.jar,file:/C:/Users/ömer/.m2/repository/org/glassfish/ha/ha-api/3.1.12/javax.inject.jar,file:/C:/Users/ömer/.m2/repository/org/glassfish/ha/ha-api/3.1.12/asm-all-repackaged.jar,file:/C:/Users/ömer/.m2/repository/org/glassfish/ha/ha-api/3.1.12/hk2-api.jar,file:/C:/Users/ömer/.m2/repository/org/glassfish/ha/ha-api/3.1.12/osgi-resource-locator.jar,file:/C:/Users/ömer/.m2/repository/org/glassfish/ha/ha-api/3.1.12/javax.inject.jar
2022-01-29 02:33:24.133  INFO 4440 --- [restartedMain] .e.DevToolsPropertyDefaultsPostProcessor : Devtools property defaults active! Set 'spring.devtools.add-properties' to 'false' to disable
2022-01-29 02:33:24.133  INFO 4440 --- [restartedMain] .e.DevToolsPropertyDefaultsPostProcessor : For additional web related logging consider setting the 'logging.level.web' property to 'DEBUG'
2022-01-29 02:33:25.505  INFO 4440 --- [restartedMain] .s.d.r.c.RepositoryConfigurationDelegate : Bootstrapping Spring Data JPA repositories in DEFAULT mode.
2022-01-29 02:33:25.668  INFO 4440 --- [restartedMain] .s.d.r.c.RepositoryConfigurationDelegate : Finished Spring Data repository scanning in 152 ms. Found 5 JPA repository interfaces.
2022-01-29 02:33:26.538  INFO 4440 --- [restartedMain] o.s.b.w.embedded.tomcat.TomcatWebServer  : Tomcat initialized with port(s): 8080 (http)
2022-01-29 02:33:26.550  INFO 4440 --- [restartedMain] o.apache.catalina.core.StandardService   : Starting service [Tomcat]
2022-01-29 02:33:26.550  INFO 4440 --- [restartedMain] org.apache.catalina.core.StandardEngine  : Starting Servlet engine: [Apache Tomcat/9.0.56]
2022-01-29 02:33:26.737  INFO 4440 --- [restartedMain] o.a.c.c.C.[Tomcat].[localhost].[/]       : Initializing Spring embedded WebApplicationContext
2022-01-29 02:33:26.737  INFO 4440 --- [restartedMain] w.s.c.ServletWebServerApplicationContext : Root WebApplicationContext: initialization completed in 2603 ms
2022-01-29 02:33:26.915  INFO 4440 --- [restartedMain] o.hibernate.jpa.internal.util.LogHelper  : HHH000204: Processing PersistenceUnitInfo [name: default]
2022-01-29 02:33:26.969  INFO 4440 --- [restartedMain] org.hibernate.Version                    : HHH000412: Hibernate ORM core version 5.6.3.Final
2022-01-29 02:33:27.121  INFO 4440 --- [restartedMain] o.hibernate.annotations.common.Version   : HCANN000001: Hibernate Commons Annotations {5.1.2.Final}
2022-01-29 02:33:27.262  INFO 4440 --- [restartedMain] com.zaxxer.hikari.HikariDataSource       : HikariPool-1 - Starting...
2022-01-29 02:33:27.498  INFO 4440 --- [restartedMain] com.zaxxer.hikari.HikariDataSource       : HikariPool-1 - Start completed.
2022-01-29 02:33:27.526  INFO 4440 --- [restartedMain] org.hibernate.dialect.Dialect            : HHH000400: Using dialect: org.hibernate.dialect.PostgreSQL10Dialect
2022-01-29 02:33:27.883  WARN 4440 --- [restartedMain] o.h.b.i.InFlightMetadataCollectorImpl    : HHH000069: Duplicate generator name generator
2022-01-29 02:33:27.896  WARN 4440 --- [restartedMain] o.h.b.i.InFlightMetadataCollectorImpl    : HHH000069: Duplicate generator name generator
2022-01-29 02:33:27.908  WARN 4440 --- [restartedMain] o.h.b.i.InFlightMetadataCollectorImpl    : HHH000069: Duplicate generator name generator
2022-01-29 02:33:27.930  WARN 4440 --- [restartedMain] o.h.b.i.InFlightMetadataCollectorImpl    : HHH000069: Duplicate generator name generator
2022-01-29 02:33:29.552  INFO 4440 --- [restartedMain] o.h.e.t.j.p.i.JtaPlatformInitiator       : HHH000490: Using JtaPlatform implementation: [org.hibernate.engine.transaction.jta.platform.internal.NoJtaPlatform]
2022-01-29 02:33:29.571  INFO 4440 --- [restartedMain] j.LocalContainerEntityManagerFactoryBean : Initialized JPA EntityManagerFactory for persistence unit 'default'
2022-01-29 02:33:30.641  WARN 4440 --- [restartedMain] JpaBaseConfiguration$JpaWebConfiguration : spring.jpa.open-in-view is enabled by default. Therefore, database queries may be performed during view rendering. Explicitly configure spring.jpa.open-in-view to disable this warning
2022-01-29 02:33:31.948  INFO 4440 --- [restartedMain] o.s.b.d.a.OptionalLiveReloadServer       : LiveReload server is running on port 35729
2022-01-29 02:33:32.025  INFO 4440 --- [restartedMain] o.s.b.w.embedded.tomcat.TomcatWebServer  : Tomcat started on port(s): 8080 (http) with context path ''
2022-01-29 02:33:32.045  INFO 4440 --- [restartedMain] c.o.N.N11GraduationProjectApplication    : Started N11GraduationProjectApplication in 9.027 seconds (JVM running for 11.656)
2022-01-29 02:33:54.109  INFO 4440 --- [http-nio-8080-exec-1] o.a.c.c.C.[Tomcat].[localhost].[/]       : Initializing Spring DispatcherServlet 'dispatcherServlet'
2022-01-29 02:33:54.111  INFO 4440 --- [http-nio-8080-exec-1] o.s.web.servlet.DispatcherServlet        : Initializing Servlet 'dispatcherServlet'
2022-01-29 02:33:54.113  INFO 4440 --- [http-nio-8080-exec-1] o.s.web.servlet.DispatcherServlet        : Completed initialization in 2 ms
2022-01-29 02:33:55.584  INFO 4440 --- [http-nio-8080-exec-3] o.springdoc.api.AbstractOpenApiResource  : Init duration for springdoc-openapi is: 543 ms
2022-01-29 02:38:55.333  INFO 4440 --- [SpringApplicationShutdownHook] j.LocalContainerEntityManagerFactoryBean : Closing JPA EntityManagerFactory for persistence unit 'default'
2022-01-29 02:38:55.338  INFO 4440 --- [SpringApplicationShutdownHook] com.zaxxer.hikari.HikariDataSource       : HikariPool-1 - Shutdown initiated...
2022-01-29 02:38:55.351  INFO 4440 --- [SpringApplicationShutdownHook] com.zaxxer.hikari.HikariDataSource       : HikariPool-1 - Shutdown completed.
